[debug] [2025-06-14T14:53:41.071Z] ----------------------------------------------------------------------
[debug] [2025-06-14T14:53:41.078Z] Command:       C:\Program Files\nodejs\node.exe C:\Users\DimitrisKormpos\AppData\Roaming\npm\node_modules\firebase-tools\lib\bin\firebase.js init
[debug] [2025-06-14T14:53:41.079Z] CLI Version:   14.7.0
[debug] [2025-06-14T14:53:41.079Z] Platform:      win32
[debug] [2025-06-14T14:53:41.080Z] Node Version:  v20.12.2
[debug] [2025-06-14T14:53:41.080Z] Time:          Sat Jun 14 2025 17:53:41 GMT+0300 (Eastern European Summer Time)
[debug] [2025-06-14T14:53:41.080Z] ----------------------------------------------------------------------
[debug] 
[debug] [2025-06-14T14:53:41.201Z] Field "/functions" in "firebase.json" is possibly invalid: must be object
[debug] [2025-06-14T14:53:41.201Z] Object "/functions/0" in "firebase.json" has unknown property: {"additionalProperty":"port"}
[debug] [2025-06-14T14:53:41.201Z] Field "/functions" in "firebase.json" is possibly invalid: must match a schema in anyOf
[debug] [2025-06-14T14:53:41.204Z] > command requires scopes: ["email","openid","https://www.googleapis.com/auth/cloudplatformprojects.readonly","https://www.googleapis.com/auth/firebase","https://www.googleapis.com/auth/cloud-platform"]
[debug] [2025-06-14T14:53:41.204Z] > authorizing via signed-in user (devstar7091@gcplab.me)
[debug] [2025-06-14T14:53:41.205Z] Field "/functions" in "firebase.json" is possibly invalid: must be object
[debug] [2025-06-14T14:53:41.205Z] Object "/functions/0" in "firebase.json" has unknown property: {"additionalProperty":"port"}
[debug] [2025-06-14T14:53:41.205Z] Field "/functions" in "firebase.json" is possibly invalid: must match a schema in anyOf
[info] 
     ######## #### ########  ######## ########     ###     ######  ########
     ##        ##  ##     ## ##       ##     ##  ##   ##  ##       ##
     ######    ##  ########  ######   ########  #########  ######  ######
     ##        ##  ##    ##  ##       ##     ## ##     ##       ## ##
     ##       #### ##     ## ######## ########  ##     ##  ######  ########

You're about to initialize a Firebase project in this directory:

  C:\Users\DimitrisKormpos\Searches\source\GitHub\transit-teleacoustics\transit-teleacoustics

Before we get started, keep in mind:

  * You are initializing within an existing Firebase project directory

[debug] [2025-06-14T14:53:51.007Z] ExitPromptError: User force closed the prompt with SIGINT
    at Interface.sigint (C:\Users\DimitrisKormpos\AppData\Roaming\npm\node_modules\firebase-tools\node_modules\@inquirer\core\dist\commonjs\lib\create-prompt.js:101:37)
    at Interface.emit (node:events:518:28)
    at Interface.emit (node:domain:488:12)
    at [_ttyWrite] [as _ttyWrite] (node:internal/readline/interface:1125:18)
    at ReadStream.onkeypress (node:internal/readline/interface:264:20)
    at ReadStream.emit (node:events:530:35)
    at ReadStream.emit (node:domain:488:12)
    at emitKeys (node:internal/readline/utils:371:14)
    at emitKeys.next (<anonymous>)
    at ReadStream.onData (node:internal/readline/emitKeypressEvents:64:36)
[error] 
[error] Error: An unexpected error has occurred.
